<?xml version="1.0" encoding="UTF-8"?>
<Site BuildName="Win32-mingw32-make"
	BuildStamp="20240308-2051-Experimental"
	Name="boogletop-0"
	Generator="ctest-3.28.1"
	CompilerName="C:/Users/boogl/.vscode-insiders/Projects/mingw64/bin/clang++.exe"
	CompilerVersion="17.0.5"
	OSName="Windows"
	Hostname="boogletop-0"
	OSRelease=" Personal"
	OSVersion=" (Build 22621)"
	OSPlatform="AMD64"
	Is64Bits="1"
	VendorString="GenuineIntel"
	VendorID="Intel Corporation"
	FamilyID="6"
	ModelID="5"
	ProcessorCacheSize="-1"
	NumberOfLogicalCPU="12"
	NumberOfPhysicalCPU="6"
	TotalVirtualMemory="38694"
	TotalPhysicalMemory="16166"
	LogicalProcessorsPerPhysical="2"
	ProcessorClockFrequency="2592"
	>
	<Testing>
		<StartDateTime>Mar 08 13:51 Mountain Standard Time</StartDateTime>
		<StartTestTime>1709931089</StartTestTime>
		<TestList/>
		<EndDateTime>Mar 08 13:51 Mountain Standard Time</EndDateTime>
		<EndTestTime>1709931089</EndTestTime>
		<ElapsedMinutes>0</ElapsedMinutes>
	</Testing>
</Site>
